0 info it worked if it ends with ok
1 verbose cli [ 'node', '/usr/local/bin/npm', 'install', '-g' ]
2 info using npm@1.3.9
3 info using node@v0.8.2
4 verbose cache add [ '.', null ]
5 verbose cache add name=undefined spec="." args=[".",null]
6 verbose parsed url { pathname: '.', path: '.', href: '.' }
7 silly lockFile 3a52ce78- .
8 verbose lock . /Users/alyne/.npm/3a52ce78-.lock
9 verbose tar pack [ '/var/folders/fl/_jy04w917sj5ndn_95dgq7t80000gn/T/npm-38042-yk96Yctb/1377988176477-0.28763154428452253/tmp.tgz',
9 verbose tar pack   '.' ]
10 verbose tarball /var/folders/fl/_jy04w917sj5ndn_95dgq7t80000gn/T/npm-38042-yk96Yctb/1377988176477-0.28763154428452253/tmp.tgz
11 verbose folder .
12 silly lockFile 1f1177db-tar tar://.
13 verbose lock tar://. /Users/alyne/.npm/1f1177db-tar.lock
14 silly lockFile 05b8f558-6477-0-28763154428452253-tmp-tgz tar:///var/folders/fl/_jy04w917sj5ndn_95dgq7t80000gn/T/npm-38042-yk96Yctb/1377988176477-0.28763154428452253/tmp.tgz
15 verbose lock tar:///var/folders/fl/_jy04w917sj5ndn_95dgq7t80000gn/T/npm-38042-yk96Yctb/1377988176477-0.28763154428452253/tmp.tgz /Users/alyne/.npm/05b8f558-6477-0-28763154428452253-tmp-tgz.lock
16 silly lockFile 1f1177db-tar tar://.
17 silly lockFile 1f1177db-tar tar://.
18 silly lockFile 05b8f558-6477-0-28763154428452253-tmp-tgz tar:///var/folders/fl/_jy04w917sj5ndn_95dgq7t80000gn/T/npm-38042-yk96Yctb/1377988176477-0.28763154428452253/tmp.tgz
19 silly lockFile 05b8f558-6477-0-28763154428452253-tmp-tgz tar:///var/folders/fl/_jy04w917sj5ndn_95dgq7t80000gn/T/npm-38042-yk96Yctb/1377988176477-0.28763154428452253/tmp.tgz
20 verbose tar unpack /var/folders/fl/_jy04w917sj5ndn_95dgq7t80000gn/T/npm-38042-yk96Yctb/1377988176477-0.28763154428452253/tmp.tgz
21 silly lockFile 88302f0f-6477-0-28763154428452253-package tar:///var/folders/fl/_jy04w917sj5ndn_95dgq7t80000gn/T/npm-38042-yk96Yctb/1377988176477-0.28763154428452253/package
22 verbose lock tar:///var/folders/fl/_jy04w917sj5ndn_95dgq7t80000gn/T/npm-38042-yk96Yctb/1377988176477-0.28763154428452253/package /Users/alyne/.npm/88302f0f-6477-0-28763154428452253-package.lock
23 silly lockFile 05b8f558-6477-0-28763154428452253-tmp-tgz tar:///var/folders/fl/_jy04w917sj5ndn_95dgq7t80000gn/T/npm-38042-yk96Yctb/1377988176477-0.28763154428452253/tmp.tgz
24 verbose lock tar:///var/folders/fl/_jy04w917sj5ndn_95dgq7t80000gn/T/npm-38042-yk96Yctb/1377988176477-0.28763154428452253/tmp.tgz /Users/alyne/.npm/05b8f558-6477-0-28763154428452253-tmp-tgz.lock
25 silly gunzTarPerm modes [ '755', '644' ]
26 silly gunzTarPerm extractEntry package.json
27 silly gunzTarPerm extractEntry .npmignore
28 silly gunzTarPerm extractEntry README.md
29 silly gunzTarPerm extractEntry Gruntfile.js
30 silly gunzTarPerm extractEntry bower.json
31 silly gunzTarPerm extractEntry app/.htaccess
32 silly gunzTarPerm extractEntry app/404.html
33 silly gunzTarPerm extractEntry app/favicon.ico
34 silly gunzTarPerm extractEntry app/index.html
35 silly gunzTarPerm extractEntry app/robots.txt
36 silly gunzTarPerm extractEntry app/scripts/main.js
37 silly gunzTarPerm extractEntry app/scripts/application.coffee
38 silly gunzTarPerm extractEntry app/scripts/game.coffee
39 silly gunzTarPerm extractEntry app/styles/main.scss
40 silly gunzTarPerm extractEntry .editorconfig
41 silly gunzTarPerm extractEntry .gitattributes
42 silly gunzTarPerm extractEntry .bowerrc
43 silly gunzTarPerm extractEntry .jshintrc
44 silly gunzTarPerm extractEntry test/index.html
45 silly gunzTarPerm extractEntry test/lib/chai.js
46 silly gunzTarPerm extractEntry test/lib/expect.js
47 silly gunzTarPerm extractEntry test/lib/mocha/mocha.js
48 silly gunzTarPerm extractEntry test/lib/mocha/mocha.css
49 silly gunzTarPerm extractEntry test/spec/test.js
50 silly lockFile 88302f0f-6477-0-28763154428452253-package tar:///var/folders/fl/_jy04w917sj5ndn_95dgq7t80000gn/T/npm-38042-yk96Yctb/1377988176477-0.28763154428452253/package
51 silly lockFile 88302f0f-6477-0-28763154428452253-package tar:///var/folders/fl/_jy04w917sj5ndn_95dgq7t80000gn/T/npm-38042-yk96Yctb/1377988176477-0.28763154428452253/package
52 silly lockFile 05b8f558-6477-0-28763154428452253-tmp-tgz tar:///var/folders/fl/_jy04w917sj5ndn_95dgq7t80000gn/T/npm-38042-yk96Yctb/1377988176477-0.28763154428452253/tmp.tgz
53 silly lockFile 05b8f558-6477-0-28763154428452253-tmp-tgz tar:///var/folders/fl/_jy04w917sj5ndn_95dgq7t80000gn/T/npm-38042-yk96Yctb/1377988176477-0.28763154428452253/tmp.tgz
54 verbose tar pack [ '/Users/alyne/.npm/tictactoe/0.0.0/package.tgz',
54 verbose tar pack   '/var/folders/fl/_jy04w917sj5ndn_95dgq7t80000gn/T/npm-38042-yk96Yctb/1377988176477-0.28763154428452253/package' ]
55 verbose tarball /Users/alyne/.npm/tictactoe/0.0.0/package.tgz
56 verbose folder /var/folders/fl/_jy04w917sj5ndn_95dgq7t80000gn/T/npm-38042-yk96Yctb/1377988176477-0.28763154428452253/package
57 silly lockFile 88302f0f-6477-0-28763154428452253-package tar:///var/folders/fl/_jy04w917sj5ndn_95dgq7t80000gn/T/npm-38042-yk96Yctb/1377988176477-0.28763154428452253/package
58 verbose lock tar:///var/folders/fl/_jy04w917sj5ndn_95dgq7t80000gn/T/npm-38042-yk96Yctb/1377988176477-0.28763154428452253/package /Users/alyne/.npm/88302f0f-6477-0-28763154428452253-package.lock
59 silly lockFile 72b18319--npm-tictactoe-0-0-0-package-tgz tar:///Users/alyne/.npm/tictactoe/0.0.0/package.tgz
60 verbose lock tar:///Users/alyne/.npm/tictactoe/0.0.0/package.tgz /Users/alyne/.npm/72b18319--npm-tictactoe-0-0-0-package-tgz.lock
61 silly lockFile 88302f0f-6477-0-28763154428452253-package tar:///var/folders/fl/_jy04w917sj5ndn_95dgq7t80000gn/T/npm-38042-yk96Yctb/1377988176477-0.28763154428452253/package
62 silly lockFile 88302f0f-6477-0-28763154428452253-package tar:///var/folders/fl/_jy04w917sj5ndn_95dgq7t80000gn/T/npm-38042-yk96Yctb/1377988176477-0.28763154428452253/package
63 silly lockFile 72b18319--npm-tictactoe-0-0-0-package-tgz tar:///Users/alyne/.npm/tictactoe/0.0.0/package.tgz
64 silly lockFile 72b18319--npm-tictactoe-0-0-0-package-tgz tar:///Users/alyne/.npm/tictactoe/0.0.0/package.tgz
65 silly lockFile a74b8a55-lyne-npm-tictactoe-0-0-0-package /Users/alyne/.npm/tictactoe/0.0.0/package
66 verbose lock /Users/alyne/.npm/tictactoe/0.0.0/package /Users/alyne/.npm/a74b8a55-lyne-npm-tictactoe-0-0-0-package.lock
67 silly lockFile a74b8a55-lyne-npm-tictactoe-0-0-0-package /Users/alyne/.npm/tictactoe/0.0.0/package
68 silly lockFile a74b8a55-lyne-npm-tictactoe-0-0-0-package /Users/alyne/.npm/tictactoe/0.0.0/package
69 verbose tar unpack /Users/alyne/.npm/tictactoe/0.0.0/package.tgz
70 silly lockFile e0aeaf9a-lyne-npm-tictactoe-0-0-0-package tar:///Users/alyne/.npm/tictactoe/0.0.0/package
71 verbose lock tar:///Users/alyne/.npm/tictactoe/0.0.0/package /Users/alyne/.npm/e0aeaf9a-lyne-npm-tictactoe-0-0-0-package.lock
72 silly lockFile 72b18319--npm-tictactoe-0-0-0-package-tgz tar:///Users/alyne/.npm/tictactoe/0.0.0/package.tgz
73 verbose lock tar:///Users/alyne/.npm/tictactoe/0.0.0/package.tgz /Users/alyne/.npm/72b18319--npm-tictactoe-0-0-0-package-tgz.lock
74 silly gunzTarPerm modes [ '755', '644' ]
75 silly gunzTarPerm extractEntry package.json
76 silly gunzTarPerm extractEntry .npmignore
77 silly gunzTarPerm extractEntry README.md
78 silly gunzTarPerm extractEntry Gruntfile.js
79 silly gunzTarPerm extractEntry app/.htaccess
80 silly gunzTarPerm extractEntry app/404.html
81 silly gunzTarPerm extractEntry app/favicon.ico
82 silly gunzTarPerm extractEntry app/index.html
83 silly gunzTarPerm extractEntry app/robots.txt
84 silly gunzTarPerm extractEntry app/scripts/main.js
85 silly gunzTarPerm extractEntry app/scripts/application.coffee
86 silly gunzTarPerm extractEntry app/scripts/game.coffee
87 silly gunzTarPerm extractEntry app/styles/main.scss
88 silly gunzTarPerm extractEntry .editorconfig
89 silly gunzTarPerm extractEntry bower.json
90 silly gunzTarPerm extractEntry .gitattributes
91 silly gunzTarPerm extractEntry .jshintrc
92 silly gunzTarPerm extractEntry .bowerrc
93 silly gunzTarPerm extractEntry test/index.html
94 silly gunzTarPerm extractEntry test/lib/chai.js
95 silly gunzTarPerm extractEntry test/lib/expect.js
96 silly gunzTarPerm extractEntry test/lib/mocha/mocha.js
97 silly gunzTarPerm extractEntry test/lib/mocha/mocha.css
98 silly gunzTarPerm extractEntry test/spec/test.js
99 silly lockFile e0aeaf9a-lyne-npm-tictactoe-0-0-0-package tar:///Users/alyne/.npm/tictactoe/0.0.0/package
100 silly lockFile e0aeaf9a-lyne-npm-tictactoe-0-0-0-package tar:///Users/alyne/.npm/tictactoe/0.0.0/package
101 silly lockFile 72b18319--npm-tictactoe-0-0-0-package-tgz tar:///Users/alyne/.npm/tictactoe/0.0.0/package.tgz
102 silly lockFile 72b18319--npm-tictactoe-0-0-0-package-tgz tar:///Users/alyne/.npm/tictactoe/0.0.0/package.tgz
103 verbose chmod /Users/alyne/.npm/tictactoe/0.0.0/package.tgz 644
104 verbose chown /Users/alyne/.npm/tictactoe/0.0.0/package.tgz [ 501, 20 ]
105 silly lockFile 3a52ce78- .
106 silly lockFile 3a52ce78- .
107 silly resolved [ { name: 'tictactoe',
107 silly resolved     version: '0.0.0',
107 silly resolved     dependencies: {},
107 silly resolved     devDependencies:
107 silly resolved      { grunt: '~0.4.1',
107 silly resolved        'grunt-contrib-copy': '~0.4.1',
107 silly resolved        'grunt-contrib-concat': '~0.3.0',
107 silly resolved        'grunt-contrib-coffee': '~0.7.0',
107 silly resolved        'grunt-contrib-uglify': '~0.2.0',
107 silly resolved        'grunt-contrib-compass': '~0.5.0',
107 silly resolved        'grunt-contrib-jshint': '~0.6.3',
107 silly resolved        'grunt-contrib-cssmin': '~0.6.0',
107 silly resolved        'grunt-contrib-connect': '~0.3.0',
107 silly resolved        'grunt-contrib-clean': '~0.5.0',
107 silly resolved        'grunt-contrib-htmlmin': '~0.1.3',
107 silly resolved        'grunt-bower-requirejs': '~0.7.0',
107 silly resolved        'grunt-contrib-requirejs': '~0.4.1',
107 silly resolved        'grunt-contrib-imagemin': '~0.2.0',
107 silly resolved        'grunt-contrib-watch': '~0.5.2',
107 silly resolved        'grunt-rev': '~0.1.0',
107 silly resolved        'grunt-autoprefixer': '~0.2.0',
107 silly resolved        'grunt-usemin': '~0.1.10',
107 silly resolved        'grunt-mocha': '~0.4.0',
107 silly resolved        'grunt-open': '~0.2.0',
107 silly resolved        'grunt-modernizr': '~0.3.0',
107 silly resolved        'grunt-svgmin': '~0.2.0',
107 silly resolved        'grunt-concurrent': '~0.3.0',
107 silly resolved        'load-grunt-tasks': '~0.1.0',
107 silly resolved        'connect-livereload': '~0.2.0',
107 silly resolved        'time-grunt': '~0.1.1' },
107 silly resolved     engines: { node: '>=0.8.0' },
107 silly resolved     readme: '#TicTacToe - an simple experiment\n\nTo run this example be sure to have yeoman installed by running the following command:\n \n> npm install -g yo\n\nAfter doing that run the following command\n\n> npm install && bower install',
107 silly resolved     readmeFilename: 'README.md',
107 silly resolved     description: 'To run this example be sure to have yeoman installed by running the following command:',
107 silly resolved     _id: 'tictactoe@0.0.0',
107 silly resolved     dist: { shasum: '7656111a256a1f4150f5b229155254f902cb2311' },
107 silly resolved     _from: '.' } ]
108 info install tictactoe@0.0.0 into /usr/local/lib
109 info installOne tictactoe@0.0.0
110 info /usr/local/lib/node_modules/tictactoe unbuild
111 verbose tar unpack /Users/alyne/.npm/tictactoe/0.0.0/package.tgz
112 silly lockFile eb96ece1-local-lib-node-modules-tictactoe tar:///usr/local/lib/node_modules/tictactoe
113 verbose lock tar:///usr/local/lib/node_modules/tictactoe /Users/alyne/.npm/eb96ece1-local-lib-node-modules-tictactoe.lock
114 silly lockFile 72b18319--npm-tictactoe-0-0-0-package-tgz tar:///Users/alyne/.npm/tictactoe/0.0.0/package.tgz
115 verbose lock tar:///Users/alyne/.npm/tictactoe/0.0.0/package.tgz /Users/alyne/.npm/72b18319--npm-tictactoe-0-0-0-package-tgz.lock
116 silly gunzTarPerm modes [ '755', '644' ]
117 error Error: EACCES, mkdir '/usr/local/lib/node_modules/tictactoe'
117 error  { [Error: EACCES, mkdir '/usr/local/lib/node_modules/tictactoe']
117 error   errno: 3,
117 error   code: 'EACCES',
117 error   path: '/usr/local/lib/node_modules/tictactoe',
117 error   fstream_type: 'Directory',
117 error   fstream_path: '/usr/local/lib/node_modules/tictactoe',
117 error   fstream_class: 'DirWriter',
117 error   fstream_stack:
117 error    [ 'DirWriter._create (/usr/local/lib/node_modules/npm/node_modules/fstream/lib/dir-writer.js:36:23)',
117 error      '/usr/local/lib/node_modules/npm/node_modules/mkdirp/index.js:37:53',
117 error      'Object.oncomplete (fs.js:297:15)' ] }
118 error Please try running this command again as root/Administrator.
119 error System Darwin 12.4.0
120 error command "node" "/usr/local/bin/npm" "install" "-g"
121 error cwd /Users/alyne/Documents/Vinicius/tictactoe
122 error node -v v0.8.2
123 error npm -v 1.3.9
124 error path /usr/local/lib/node_modules/tictactoe
125 error fstream_path /usr/local/lib/node_modules/tictactoe
126 error fstream_type Directory
127 error fstream_class DirWriter
128 error code EACCES
129 error errno 3
130 error stack Error: EACCES, mkdir '/usr/local/lib/node_modules/tictactoe'
131 error fstream_stack DirWriter._create (/usr/local/lib/node_modules/npm/node_modules/fstream/lib/dir-writer.js:36:23)
131 error fstream_stack /usr/local/lib/node_modules/npm/node_modules/mkdirp/index.js:37:53
131 error fstream_stack Object.oncomplete (fs.js:297:15)
132 verbose exit [ 3, true ]
